<?xml version="1.0" encoding="UTF-8"?>
<testsuite name="com.test.MaximumTest" tests="3" skipped="0" failures="0" errors="0" timestamp="2020-12-29T03:52:19" hostname="MSI" time="0.002">
  <properties/>
  <testcase name="testIntegerMaximum1" classname="com.test.MaximumTest" time="0.001"/>
  <testcase name="testIntegerMaximum2" classname="com.test.MaximumTest" time="0.001"/>
  <testcase name="testIntegerMaximum3" classname="com.test.MaximumTest" time="0.0"/>
  <system-out><![CDATA[]]></system-out>
  <system-err><![CDATA[]]></system-err>
</testsuite>
