<?xml version="1.0" encoding="UTF-8"?>
<testsuite name="com.test.MaximumTest" tests="10" skipped="0" failures="0" errors="0" timestamp="2020-12-29T06:16:06" hostname="MSI" time="0.012">
  <properties/>
  <testcase name="testGenericMax" classname="com.test.MaximumTest" time="0.006"/>
  <testcase name="testFloatMaximum1" classname="com.test.MaximumTest" time="0.001"/>
  <testcase name="testFloatMaximum2" classname="com.test.MaximumTest" time="0.0"/>
  <testcase name="testFloatMaximum3" classname="com.test.MaximumTest" time="0.001"/>
  <testcase name="testIntegerMaximum1" classname="com.test.MaximumTest" time="0.0"/>
  <testcase name="testIntegerMaximum2" classname="com.test.MaximumTest" time="0.001"/>
  <testcase name="testIntegerMaximum3" classname="com.test.MaximumTest" time="0.0"/>
  <testcase name="testStringMaximum1" classname="com.test.MaximumTest" time="0.001"/>
  <testcase name="testStringMaximum2" classname="com.test.MaximumTest" time="0.0"/>
  <testcase name="testStringMaximum3" classname="com.test.MaximumTest" time="0.001"/>
  <system-out><![CDATA[The maximum Value is :3
The maximum Value is :3.0
The maximum Value is :3.0
The maximum Value is :3.0
The maximum Value is :3
The maximum Value is :3
The maximum Value is :3
The maximum Value is :peach
The maximum Value is :peach
The maximum Value is :peach
]]></system-out>
  <system-err><![CDATA[]]></system-err>
</testsuite>
